<?xml version="1.0" encoding="utf-8"?><testsuites name="pytest tests"><testsuite name="pytest" errors="0" failures="1" skipped="0" tests="26" time="10.499" timestamp="2026-09-20T04:33:32.673254+00:00" hostname="agent-env-ddf67c47-2328-4316-97e1-145552a319fa"><testcase classname="tests.backend_test.TestAuth" name="test_login_admin" time="0.547" /><testcase classname="tests.backend_test.TestIssues" name="test_list_issues" time="1.012" /><testcase classname="tests.backend_test.TestIssues" name="test_filter_by_category" time="0.061" /><testcase classname="tests.backend_test.TestAuth" name="test_login_citizen" time="0.470" /><testcase classname="tests.backend_test.TestIssues" name="test_filter_by_status" time="0.231" /><testcase classname="tests.backend_test.TestIssues" name="test_sort_top" time="0.065" /><testcase classname="tests.backend_test.TestAuth" name="test_login_worker" time="0.325" /><testcase classname="tests.backend_test.TestAuth" name="test_login_invalid" time="0.101" /><testcase classname="tests.backend_test.TestIssues" name="test_create_issue_and_verify" time="2.360" /><testcase classname="tests.backend_test.TestAuth" name="test_me" time="0.149" /><testcase classname="tests.backend_test.TestAuth" name="test_register_new" time="0.286"><failure message="AssertionError: assert ('eyJhbGciOiJIUzI1NiIsInR5cCI6IkpXVCJ9.eyJzdWIiOiI2YWFmNjIxZmY5Yjg5NWQ5YTZhOGFiZGMiLCJlbWFpbCI6InRlc3RfZWVmMDE2ZDhAZXhhbXBsZS5jb20iLCJyb2xlIjoiY2l0aXplbiIsImV4cCI6MTc5MDQ4MzYxNX0.442aIvjGse9Weu-L_kybeoQn8E8z_7Q-xolx_Fkqn9I' and 'test_eef016d8@example.com' == 'TEST_eef016d8@example.com'&#10;  &#10;  - TEST_eef016d8@example.com&#10;  ? ^^^^&#10;  + test_eef016d8@example.com&#10;  ? ^^^^)">backend/tests/backend_test.py:88: in test_register_new
    assert d["token"] and d["user"]["email"] == email
E   AssertionError: assert ('eyJhbGciOiJIUzI1NiIsInR5cCI6IkpXVCJ9.eyJzdWIiOiI2YWFmNjIxZmY5Yjg5NWQ5YTZhOGFiZGMiLCJlbWFpbCI6InRlc3RfZWVmMDE2ZDhAZXhhbXBsZS5jb20iLCJyb2xlIjoiY2l0aXplbiIsImV4cCI6MTc5MDQ4MzYxNX0.442aIvjGse9Weu-L_kybeoQn8E8z_7Q-xolx_Fkqn9I' and 'test_eef016d8@example.com' == 'TEST_eef016d8@example.com'
E     
E     - TEST_eef016d8@example.com
E     ? ^^^^
E     + test_eef016d8@example.com
E     ? ^^^^)</failure></testcase><testcase classname="tests.backend_test.TestAuth" name="test_register_duplicate" time="0.063" /><testcase classname="tests.backend_test.TestAuth" name="test_me_no_token" time="1.191" /><testcase classname="tests.backend_test.TestUploadClassify" name="test_upload_jpeg" time="0.352" /><testcase classname="tests.backend_test.TestUploadClassify" name="test_classify_road_image" time="4.969" /><testcase classname="tests.backend_test.TestIssues" name="test_upvote_toggle" time="0.261" /><testcase classname="tests.backend_test.TestAdminWorkflow" name="test_workers_list" time="0.361" /><testcase classname="tests.backend_test.TestAdminWorkflow" name="test_analytics" time="0.063" /><testcase classname="tests.backend_test.TestAdminWorkflow" name="test_analytics_forbidden_citizen" time="0.062" /><testcase classname="tests.backend_test.TestAdminWorkflow" name="test_analytics_forbidden_worker" time="0.346" /><testcase classname="tests.backend_test.TestAdminWorkflow" name="test_full_assign_progress_resolve" time="2.089" /><testcase classname="tests.backend_test.TestAdminWorkflow" name="test_worker_cannot_touch_others_task" time="0.226" /><testcase classname="tests.backend_test.TestLeaderboard" name="test_leaderboard" time="0.072" /><testcase classname="tests.backend_test.TestUploadClassify" name="test_classify_garbage_image" time="1.334" /><testcase classname="tests.backend_test.TestHealth" name="test_root" time="0.060" /><testcase classname="tests.backend_test.TestHealth" name="test_public_stats" time="0.060" /></testsuite></testsuites>